<?xml version="1.0" encoding="UTF-8"?>
<!-- Generated by org.testng.reporters.JUnitReportReporter -->
<testsuite skipped="0" hostname="SangitaranisAir" name="assignmentApple.Assinment2" tests="1" failures="0" timestamp="09 Jan 2019 03:53:52 GMT" time="3.126" errors="0">
  <testcase name="returnResponseString" time="3.126" classname="assignmentApple.Assinment2"/>
</testsuite> <!-- assignmentApple.Assinment2 -->
